<?xml version="1.0" encoding="UTF-8"?>
<testng-results ignored="0" total="1" passed="1" failed="0" skipped="0">
  <reporter-output>
  </reporter-output>
  <suite started-at="2025-03-08T22:24:02 IST" name="Suite" finished-at="2025-03-08T22:24:18 IST" duration-ms="15761">
    <groups>
    </groups>
    <test started-at="2025-03-08T22:24:02 IST" name="chrometest" finished-at="2025-03-08T22:24:18 IST" duration-ms="15761">
      <class name="testCase.Test_Login">
        <test-method is-config="true" signature="setUp(java.lang.String,java.lang.String)[pri:0, instance:testCase.Test_Login@74fe5c40]" started-at="2025-03-08T22:24:02 IST" name="setUp" finished-at="2025-03-08T22:24:11 IST" duration-ms="8931" status="PASS">
          <params>
            <param index="0">
              <value>
                <![CDATA[Windows]]>
              </value>
            </param>
            <param index="1">
              <value>
                <![CDATA[chrome]]>
              </value>
            </param>
          </params>
          <reporter-output>
          </reporter-output>
        </test-method> <!-- setUp -->
        <test-method signature="testValidLogin()[pri:0, instance:testCase.Test_Login@74fe5c40]" started-at="2025-03-08T22:24:11 IST" name="testValidLogin" finished-at="2025-03-08T22:24:16 IST" duration-ms="5257" status="PASS">
          <reporter-output>
          </reporter-output>
        </test-method> <!-- testValidLogin -->
        <test-method is-config="true" signature="takeScreenshotOnFailure(org.testng.ITestResult)[pri:0, instance:testCase.Test_Login@74fe5c40]" started-at="2025-03-08T22:24:16 IST" name="takeScreenshotOnFailure" finished-at="2025-03-08T22:24:16 IST" duration-ms="1" status="PASS">
          <params>
            <param index="0">
              <value>
                <![CDATA[[TestResult name=testValidLogin status=SUCCESS method=Test_Login.testValidLogin()[pri:0, instance:testCase.Test_Login@74fe5c40] output={null}]]]>
              </value>
            </param>
          </params>
          <reporter-output>
          </reporter-output>
        </test-method> <!-- takeScreenshotOnFailure -->
        <test-method is-config="true" signature="tearDown()[pri:0, instance:testCase.Test_Login@74fe5c40]" started-at="2025-03-08T22:24:16 IST" name="tearDown" finished-at="2025-03-08T22:24:18 IST" duration-ms="1540" status="PASS">
          <reporter-output>
          </reporter-output>
        </test-method> <!-- tearDown -->
      </class> <!-- testCase.Test_Login -->
    </test> <!-- chrometest -->
  </suite> <!-- Suite -->
</testng-results>
